# JRE version: OpenJDK Runtime Environment Temurin-17.0.18+8 (17.0.18+8) (build 17.0.18+8)
# Java VM: OpenJDK 64-Bit Server VM Temurin-17.0.18+8 (17.0.18+8, mixed mode, sharing, tiered, compressed oops, compressed class ptrs, g1 gc, windows-amd64)
GC Precious Log:
 CPUs: 4 total, 4 available
 Memory: 15356M
 Large Page Support: Disabled
 NUMA Support: Disabled
 Compressed Oops: Enabled (32-bit)
 Heap Region Size: 1M
 Heap Min Capacity: 8M
 Heap Initial Capacity: 240M
 Heap Max Capacity: 1G
 Pre-touch: Disabled
 Parallel Workers: 4
 Concurrent Workers: 1
 Concurrent Refinement Workers: 4
 Periodic GC: Disabled
Heap:
 garbage-first heap   total 122880K, used 94211K [0x00000000c0000000, 0x0000000100000000)
  region size 1024K, 25 young (25600K), 1 survivors (1024K)
 Metaspace       used 80998K, committed 81728K, reserved 557056K
  class space    used 11283K, committed 11648K, reserved 425984K
GC Heap History (20 events):
Event: 9.943 GC heap before
{Heap before GC invocations=19 (full 0):
 garbage-first heap   total 92160K, used 74164K [0x00000000c0000000, 0x0000000100000000)
  region size 1024K, 27 young (27648K), 3 survivors (3072K)
 Metaspace       used 56664K, committed 57280K, reserved 491520K
  class space    used 8083K, committed 8384K, reserved 425984K
}
Event: 9.946 GC heap after
{Heap after GC invocations=20 (full 0):
 garbage-first heap   total 92160K, used 50419K [0x00000000c0000000, 0x0000000100000000)
  region size 1024K, 4 young (4096K), 4 survivors (4096K)
 Metaspace       used 56664K, committed 57280K, reserved 491520K
  class space    used 8083K, committed 8384K, reserved 425984K
}
Event: 10.149 GC heap before
{Heap before GC invocations=20 (full 0):
 garbage-first heap   total 92160K, used 69875K [0x00000000c0000000, 0x0000000100000000)
  region size 1024K, 24 young (24576K), 4 survivors (4096K)
 Metaspace       used 57938K, committed 58560K, reserved 491520K
  class space    used 8250K, committed 8576K, reserved 425984K
}
Event: 10.153 GC heap after
{Heap after GC invocations=21 (full 0):
 garbage-first heap   total 110592K, used 51201K [0x00000000c0000000, 0x0000000100000000)
  region size 1024K, 2 young (2048K), 2 survivors (2048K)
 Metaspace       used 57938K, committed 58560K, reserved 491520K
  class space    used 8250K, committed 8576K, reserved 425984K
}
Event: 10.563 GC heap before
{Heap before GC invocations=22 (full 0):
 garbage-first heap   total 110592K, used 94209K [0x00000000c0000000, 0x0000000100000000)
  region size 1024K, 41 young (41984K), 2 survivors (2048K)
 Metaspace       used 60343K, committed 60928K, reserved 491520K
  class space    used 8597K, committed 8896K, reserved 425984K
}
Event: 10.568 GC heap after
{Heap after GC invocations=23 (full 0):
 garbage-first heap   total 110592K, used 55686K [0x00000000c0000000, 0x0000000100000000)
  region size 1024K, 4 young (4096K), 4 survivors (4096K)
 Metaspace       used 60343K, committed 60928K, reserved 491520K
  class space    used 8597K, committed 8896K, reserved 425984K
}
Event: 11.271 GC heap before
{Heap before GC invocations=23 (full 0):
 garbage-first heap   total 110592K, used 90502K [0x00000000c0000000, 0x0000000100000000)
  region size 1024K, 39 young (39936K), 4 survivors (4096K)
 Metaspace       used 62425K, committed 63040K, reserved 491520K
  class space    used 8886K, committed 9216K, reserved 425984K
}
Event: 11.278 GC heap after
{Heap after GC invocations=24 (full 0):
 garbage-first heap   total 110592K, used 58131K [0x00000000c0000000, 0x0000000100000000)
  region size 1024K, 5 young (5120K), 5 survivors (5120K)
 Metaspace       used 62425K, committed 63040K, reserved 491520K
  class space    used 8886K, committed 9216K, reserved 425984K
}
Event: 11.712 GC heap before
{Heap before GC invocations=25 (full 0):
 garbage-first heap   total 110592K, used 91923K [0x00000000c0000000, 0x0000000100000000)
  region size 1024K, 38 young (38912K), 5 survivors (5120K)
 Metaspace       used 65191K, committed 65856K, reserved 491520K
  class space    used 9343K, committed 9664K, reserved 425984K
}
Event: 11.718 GC heap after
{Heap after GC invocations=26 (full 0):
 garbage-first heap   total 110592K, used 59824K [0x00000000c0000000, 0x0000000100000000)
  region size 1024K, 5 young (5120K), 5 survivors (5120K)
 Metaspace       used 65191K, committed 65856K, reserved 491520K
  class space    used 9343K, committed 9664K, reserved 425984K
}
Event: 12.392 GC heap before
{Heap before GC invocations=26 (full 0):
 garbage-first heap   total 110592K, used 90544K [0x00000000c0000000, 0x0000000100000000)
  region size 1024K, 36 young (36864K), 5 survivors (5120K)
 Metaspace       used 67231K, committed 67904K, reserved 491520K
  class space    used 9677K, committed 9984K, reserved 425984K
}
Event: 12.400 GC heap after
{Heap after GC invocations=27 (full 0):
 garbage-first heap   total 110592K, used 62826K [0x00000000c0000000, 0x0000000100000000)
  region size 1024K, 5 young (5120K), 5 survivors (5120K)
 Metaspace       used 67231K, committed 67904K, reserved 491520K
  class space    used 9677K, committed 9984K, reserved 425984K
}
Event: 13.476 GC heap before
{Heap before GC invocations=28 (full 0):
 garbage-first heap   total 114688K, used 90474K [0x00000000c0000000, 0x0000000100000000)
  region size 1024K, 33 young (33792K), 5 survivors (5120K)
 Metaspace       used 70651K, committed 71360K, reserved 491520K
  class space    used 10115K, committed 10496K, reserved 425984K
}
Event: 13.484 GC heap after
{Heap after GC invocations=29 (full 0):
 garbage-first heap   total 114688K, used 65331K [0x00000000c0000000, 0x0000000100000000)
  region size 1024K, 3 young (3072K), 3 survivors (3072K)
 Metaspace       used 70651K, committed 71360K, reserved 491520K
  class space    used 10115K, committed 10496K, reserved 425984K
}
Event: 31.467 GC heap before
{Heap before GC invocations=29 (full 0):
 garbage-first heap   total 114688K, used 95027K [0x00000000c0000000, 0x0000000100000000)
  region size 1024K, 32 young (32768K), 3 survivors (3072K)
 Metaspace       used 75204K, committed 75904K, reserved 491520K
  class space    used 10660K, committed 11008K, reserved 425984K
}
Event: 31.475 GC heap after
{Heap after GC invocations=30 (full 0):
 garbage-first heap   total 114688K, used 68839K [0x00000000c0000000, 0x0000000100000000)
  region size 1024K, 4 young (4096K), 4 survivors (4096K)
 Metaspace       used 75204K, committed 75904K, reserved 491520K
  class space    used 10660K, committed 11008K, reserved 425984K
}
Event: 32.878 GC heap before
{Heap before GC invocations=31 (full 0):
 garbage-first heap   total 122880K, used 93415K [0x00000000c0000000, 0x0000000100000000)
  region size 1024K, 29 young (29696K), 4 survivors (4096K)
 Metaspace       used 80615K, committed 81344K, reserved 557056K
  class space    used 11281K, committed 11648K, reserved 425984K
}
Event: 32.883 GC heap after
{Heap after GC invocations=32 (full 0):
 garbage-first heap   total 122880K, used 70734K [0x00000000c0000000, 0x0000000100000000)
  region size 1024K, 2 young (2048K), 2 survivors (2048K)
 Metaspace       used 80615K, committed 81344K, reserved 557056K
  class space    used 11281K, committed 11648K, reserved 425984K
}
Event: 33.273 GC heap before
{Heap before GC invocations=32 (full 0):
 garbage-first heap   total 122880K, used 74830K [0x00000000c0000000, 0x0000000100000000)
  region size 1024K, 6 young (6144K), 2 survivors (2048K)
 Metaspace       used 80687K, committed 81408K, reserved 557056K
  class space    used 11281K, committed 11648K, reserved 425984K
}
Event: 33.277 GC heap after
{Heap after GC invocations=33 (full 0):
 garbage-first heap   total 122880K, used 70659K [0x00000000c0000000, 0x0000000100000000)
  region size 1024K, 1 young (1024K), 1 survivors (1024K)
 Metaspace       used 80687K, committed 81408K, reserved 557056K
  class space    used 11281K, committed 11648K, reserved 425984K
}

