# JRE version: OpenJDK Runtime Environment Temurin-17.0.18+8 (17.0.18+8) (build 17.0.18+8)
# Java VM: OpenJDK 64-Bit Server VM Temurin-17.0.18+8 (17.0.18+8, mixed mode, sharing, tiered, compressed oops, compressed class ptrs, g1 gc, windows-amd64)
GC Precious Log:
 CPUs: 4 total, 4 available
 Memory: 15356M
 Large Page Support: Disabled
 NUMA Support: Disabled
 Compressed Oops: Enabled (32-bit)
 Heap Region Size: 1M
 Heap Min Capacity: 8M
 Heap Initial Capacity: 240M
 Heap Max Capacity: 512M
 Pre-touch: Disabled
 Parallel Workers: 4
 Concurrent Workers: 1
 Concurrent Refinement Workers: 4
 Periodic GC: Disabled
Heap:
 garbage-first heap   total 334848K, used 235015K [0x00000000e0000000, 0x0000000100000000)
  region size 1024K, 23 young (23552K), 6 survivors (6144K)
 Metaspace       used 136346K, committed 137408K, reserved 344064K
  class space    used 18683K, committed 19200K, reserved 212992K
GC Heap History (20 events):
Event: 40.728 GC heap before
{Heap before GC invocations=120 (full 0):
 garbage-first heap   total 237568K, used 205339K [0x00000000e0000000, 0x0000000100000000)
  region size 1024K, 36 young (36864K), 5 survivors (5120K)
 Metaspace       used 110048K, committed 111104K, reserved 344064K
  class space    used 15254K, committed 15808K, reserved 212992K
}
Event: 40.734 GC heap after
{Heap after GC invocations=121 (full 0):
 garbage-first heap   total 237568K, used 174378K [0x00000000e0000000, 0x0000000100000000)
  region size 1024K, 4 young (4096K), 4 survivors (4096K)
 Metaspace       used 110048K, committed 111104K, reserved 344064K
  class space    used 15254K, committed 15808K, reserved 212992K
}
Event: 41.084 GC heap before
{Heap before GC invocations=121 (full 0):
 garbage-first heap   total 237568K, used 206122K [0x00000000e0000000, 0x0000000100000000)
  region size 1024K, 35 young (35840K), 4 survivors (4096K)
 Metaspace       used 110579K, committed 111680K, reserved 344064K
  class space    used 15314K, committed 15872K, reserved 212992K
}
Event: 41.090 GC heap after
{Heap after GC invocations=122 (full 0):
 garbage-first heap   total 237568K, used 176692K [0x00000000e0000000, 0x0000000100000000)
  region size 1024K, 3 young (3072K), 3 survivors (3072K)
 Metaspace       used 110579K, committed 111680K, reserved 344064K
  class space    used 15314K, committed 15872K, reserved 212992K
}
Event: 41.810 GC heap before
{Heap before GC invocations=122 (full 0):
 garbage-first heap   total 237568K, used 205364K [0x00000000e0000000, 0x0000000100000000)
  region size 1024K, 31 young (31744K), 3 survivors (3072K)
 Metaspace       used 115299K, committed 116416K, reserved 344064K
  class space    used 16365K, committed 16896K, reserved 212992K
}
Event: 41.814 GC heap after
{Heap after GC invocations=123 (full 0):
 garbage-first heap   total 237568K, used 178305K [0x00000000e0000000, 0x0000000100000000)
  region size 1024K, 2 young (2048K), 2 survivors (2048K)
 Metaspace       used 115299K, committed 116416K, reserved 344064K
  class space    used 16365K, committed 16896K, reserved 212992K
}
Event: 42.222 GC heap before
{Heap before GC invocations=123 (full 0):
 garbage-first heap   total 237568K, used 205953K [0x00000000e0000000, 0x0000000100000000)
  region size 1024K, 29 young (29696K), 2 survivors (2048K)
 Metaspace       used 119187K, committed 120320K, reserved 344064K
  class space    used 16838K, committed 17408K, reserved 212992K
}
Event: 42.225 GC heap after
{Heap after GC invocations=124 (full 0):
 garbage-first heap   total 237568K, used 178636K [0x00000000e0000000, 0x0000000100000000)
  region size 1024K, 2 young (2048K), 2 survivors (2048K)
 Metaspace       used 119187K, committed 120320K, reserved 344064K
  class space    used 16838K, committed 17408K, reserved 212992K
}
Event: 42.560 GC heap before
{Heap before GC invocations=124 (full 0):
 garbage-first heap   total 237568K, used 207308K [0x00000000e0000000, 0x0000000100000000)
  region size 1024K, 30 young (30720K), 2 survivors (2048K)
 Metaspace       used 122671K, committed 123840K, reserved 344064K
  class space    used 17268K, committed 17792K, reserved 212992K
}
Event: 42.564 GC heap after
{Heap after GC invocations=125 (full 0):
 garbage-first heap   total 237568K, used 179583K [0x00000000e0000000, 0x0000000100000000)
  region size 1024K, 3 young (3072K), 3 survivors (3072K)
 Metaspace       used 122671K, committed 123840K, reserved 344064K
  class space    used 17268K, committed 17792K, reserved 212992K
}
Event: 42.591 GC heap before
{Heap before GC invocations=125 (full 0):
 garbage-first heap   total 237568K, used 180607K [0x00000000e0000000, 0x0000000100000000)
  region size 1024K, 5 young (5120K), 3 survivors (3072K)
 Metaspace       used 123038K, committed 124160K, reserved 344064K
  class space    used 17328K, committed 17856K, reserved 212992K
}
Event: 42.595 GC heap after
{Heap after GC invocations=126 (full 0):
 garbage-first heap   total 237568K, used 179599K [0x00000000e0000000, 0x0000000100000000)
  region size 1024K, 2 young (2048K), 2 survivors (2048K)
 Metaspace       used 123038K, committed 124160K, reserved 344064K
  class space    used 17328K, committed 17856K, reserved 212992K
}
Event: 42.908 GC heap before
{Heap before GC invocations=126 (full 0):
 garbage-first heap   total 334848K, used 207247K [0x00000000e0000000, 0x0000000100000000)
  region size 1024K, 22 young (22528K), 2 survivors (2048K)
 Metaspace       used 124814K, committed 126144K, reserved 344064K
  class space    used 17499K, committed 18112K, reserved 212992K
}
Event: 42.917 GC heap after
{Heap after GC invocations=127 (full 0):
 garbage-first heap   total 334848K, used 188841K [0x00000000e0000000, 0x0000000100000000)
  region size 1024K, 3 young (3072K), 3 survivors (3072K)
 Metaspace       used 124814K, committed 126144K, reserved 344064K
  class space    used 17499K, committed 18112K, reserved 212992K
}
Event: 43.497 GC heap before
{Heap before GC invocations=128 (full 0):
 garbage-first heap   total 334848K, used 286121K [0x00000000e0000000, 0x0000000100000000)
  region size 1024K, 98 young (100352K), 3 survivors (3072K)
 Metaspace       used 126735K, committed 127872K, reserved 344064K
  class space    used 17749K, committed 18304K, reserved 212992K
}
Event: 43.525 GC heap after
{Heap after GC invocations=129 (full 0):
 garbage-first heap   total 334848K, used 207134K [0x00000000e0000000, 0x0000000100000000)
  region size 1024K, 13 young (13312K), 13 survivors (13312K)
 Metaspace       used 126735K, committed 127872K, reserved 344064K
  class space    used 17749K, committed 18304K, reserved 212992K
}
Event: 43.560 GC heap before
{Heap before GC invocations=129 (full 0):
 garbage-first heap   total 334848K, used 209182K [0x00000000e0000000, 0x0000000100000000)
  region size 1024K, 16 young (16384K), 13 survivors (13312K)
 Metaspace       used 127127K, committed 128192K, reserved 344064K
  class space    used 17799K, committed 18304K, reserved 212992K
}
Event: 43.577 GC heap after
{Heap after GC invocations=130 (full 0):
 garbage-first heap   total 334848K, used 208883K [0x00000000e0000000, 0x0000000100000000)
  region size 1024K, 2 young (2048K), 2 survivors (2048K)
 Metaspace       used 127127K, committed 128192K, reserved 344064K
  class space    used 17799K, committed 18304K, reserved 212992K
}
Event: 44.403 GC heap before
{Heap before GC invocations=130 (full 0):
 garbage-first heap   total 334848K, used 284659K [0x00000000e0000000, 0x0000000100000000)
  region size 1024K, 69 young (70656K), 2 survivors (2048K)
 Metaspace       used 134388K, committed 135488K, reserved 344064K
  class space    used 18464K, committed 19008K, reserved 212992K
}
Event: 44.409 GC heap after
{Heap after GC invocations=131 (full 0):
 garbage-first heap   total 334848K, used 219655K [0x00000000e0000000, 0x0000000100000000)
  region size 1024K, 6 young (6144K), 6 survivors (6144K)
 Metaspace       used 134388K, committed 135488K, reserved 344064K
  class space    used 18464K, committed 19008K, reserved 212992K
}

