# JRE version: OpenJDK Runtime Environment Temurin-17.0.18+8 (17.0.18+8) (build 17.0.18+8)
# Java VM: OpenJDK 64-Bit Server VM Temurin-17.0.18+8 (17.0.18+8, mixed mode, sharing, tiered, compressed oops, compressed class ptrs, g1 gc, windows-amd64)
GC Precious Log:
 CPUs: 4 total, 4 available
 Memory: 15356M
 Large Page Support: Disabled
 NUMA Support: Disabled
 Compressed Oops: Enabled (32-bit)
 Heap Region Size: 1M
 Heap Min Capacity: 8M
 Heap Initial Capacity: 240M
 Heap Max Capacity: 512M
 Pre-touch: Disabled
 Parallel Workers: 4
 Concurrent Workers: 1
 Concurrent Refinement Workers: 4
 Periodic GC: Disabled
Heap:
 garbage-first heap   total 203776K, used 157482K [0x00000000e0000000, 0x0000000100000000)
  region size 1024K, 2 young (2048K), 2 survivors (2048K)
 Metaspace       used 79288K, committed 79936K, reserved 344064K
  class space    used 10862K, committed 11200K, reserved 212992K
GC Heap History (20 events):
Event: 37.209 GC heap after
{Heap after GC invocations=185 (full 0):
 garbage-first heap   total 195584K, used 155731K [0x00000000e0000000, 0x0000000100000000)
  region size 1024K, 2 young (2048K), 2 survivors (2048K)
 Metaspace       used 79270K, committed 79936K, reserved 344064K
  class space    used 10862K, committed 11200K, reserved 212992K
}
Event: 37.339 GC heap before
{Heap before GC invocations=185 (full 0):
 garbage-first heap   total 195584K, used 171091K [0x00000000e0000000, 0x0000000100000000)
  region size 1024K, 18 young (18432K), 2 survivors (2048K)
 Metaspace       used 79273K, committed 79936K, reserved 344064K
  class space    used 10862K, committed 11200K, reserved 212992K
}
Event: 37.341 GC heap after
{Heap after GC invocations=186 (full 0):
 garbage-first heap   total 195584K, used 156037K [0x00000000e0000000, 0x0000000100000000)
  region size 1024K, 2 young (2048K), 2 survivors (2048K)
 Metaspace       used 79273K, committed 79936K, reserved 344064K
  class space    used 10862K, committed 11200K, reserved 212992K
}
Event: 37.415 GC heap before
{Heap before GC invocations=186 (full 0):
 garbage-first heap   total 195584K, used 171397K [0x00000000e0000000, 0x0000000100000000)
  region size 1024K, 18 young (18432K), 2 survivors (2048K)
 Metaspace       used 79283K, committed 79936K, reserved 344064K
  class space    used 10862K, committed 11200K, reserved 212992K
}
Event: 37.419 GC heap after
{Heap after GC invocations=187 (full 0):
 garbage-first heap   total 195584K, used 156405K [0x00000000e0000000, 0x0000000100000000)
  region size 1024K, 2 young (2048K), 2 survivors (2048K)
 Metaspace       used 79283K, committed 79936K, reserved 344064K
  class space    used 10862K, committed 11200K, reserved 212992K
}
Event: 37.447 GC heap before
{Heap before GC invocations=187 (full 0):
 garbage-first heap   total 195584K, used 171765K [0x00000000e0000000, 0x0000000100000000)
  region size 1024K, 17 young (17408K), 2 survivors (2048K)
 Metaspace       used 79283K, committed 79936K, reserved 344064K
  class space    used 10862K, committed 11200K, reserved 212992K
}
Event: 37.450 GC heap after
{Heap after GC invocations=188 (full 0):
 garbage-first heap   total 195584K, used 156598K [0x00000000e0000000, 0x0000000100000000)
  region size 1024K, 2 young (2048K), 2 survivors (2048K)
 Metaspace       used 79283K, committed 79936K, reserved 344064K
  class space    used 10862K, committed 11200K, reserved 212992K
}
Event: 37.474 GC heap before
{Heap before GC invocations=188 (full 0):
 garbage-first heap   total 195584K, used 171958K [0x00000000e0000000, 0x0000000100000000)
  region size 1024K, 17 young (17408K), 2 survivors (2048K)
 Metaspace       used 79283K, committed 79936K, reserved 344064K
  class space    used 10862K, committed 11200K, reserved 212992K
}
Event: 37.476 GC heap after
{Heap after GC invocations=189 (full 0):
 garbage-first heap   total 195584K, used 156928K [0x00000000e0000000, 0x0000000100000000)
  region size 1024K, 2 young (2048K), 2 survivors (2048K)
 Metaspace       used 79283K, committed 79936K, reserved 344064K
  class space    used 10862K, committed 11200K, reserved 212992K
}
Event: 37.527 GC heap before
{Heap before GC invocations=189 (full 0):
 garbage-first heap   total 195584K, used 171264K [0x00000000e0000000, 0x0000000100000000)
  region size 1024K, 17 young (17408K), 2 survivors (2048K)
 Metaspace       used 79285K, committed 79936K, reserved 344064K
  class space    used 10862K, committed 11200K, reserved 212992K
}
Event: 37.529 GC heap after
{Heap after GC invocations=190 (full 0):
 garbage-first heap   total 195584K, used 156800K [0x00000000e0000000, 0x0000000100000000)
  region size 1024K, 2 young (2048K), 2 survivors (2048K)
 Metaspace       used 79285K, committed 79936K, reserved 344064K
  class space    used 10862K, committed 11200K, reserved 212992K
}
Event: 37.552 GC heap before
{Heap before GC invocations=190 (full 0):
 garbage-first heap   total 195584K, used 172160K [0x00000000e0000000, 0x0000000100000000)
  region size 1024K, 17 young (17408K), 2 survivors (2048K)
 Metaspace       used 79285K, committed 79936K, reserved 344064K
  class space    used 10862K, committed 11200K, reserved 212992K
}
Event: 37.554 GC heap after
{Heap after GC invocations=191 (full 0):
 garbage-first heap   total 195584K, used 156949K [0x00000000e0000000, 0x0000000100000000)
  region size 1024K, 2 young (2048K), 2 survivors (2048K)
 Metaspace       used 79285K, committed 79936K, reserved 344064K
  class space    used 10862K, committed 11200K, reserved 212992K
}
Event: 37.660 GC heap before
{Heap before GC invocations=191 (full 0):
 garbage-first heap   total 195584K, used 171285K [0x00000000e0000000, 0x0000000100000000)
  region size 1024K, 17 young (17408K), 2 survivors (2048K)
 Metaspace       used 79288K, committed 79936K, reserved 344064K
  class space    used 10862K, committed 11200K, reserved 212992K
}
Event: 37.663 GC heap after
{Heap after GC invocations=192 (full 0):
 garbage-first heap   total 195584K, used 156757K [0x00000000e0000000, 0x0000000100000000)
  region size 1024K, 2 young (2048K), 2 survivors (2048K)
 Metaspace       used 79288K, committed 79936K, reserved 344064K
  class space    used 10862K, committed 11200K, reserved 212992K
}
Event: 37.739 GC heap before
{Heap before GC invocations=192 (full 0):
 garbage-first heap   total 195584K, used 172117K [0x00000000e0000000, 0x0000000100000000)
  region size 1024K, 17 young (17408K), 2 survivors (2048K)
 Metaspace       used 79288K, committed 79936K, reserved 344064K
  class space    used 10862K, committed 11200K, reserved 212992K
}
Event: 37.741 GC heap after
{Heap after GC invocations=193 (full 0):
 garbage-first heap   total 195584K, used 157230K [0x00000000e0000000, 0x0000000100000000)
  region size 1024K, 2 young (2048K), 2 survivors (2048K)
 Metaspace       used 79288K, committed 79936K, reserved 344064K
  class space    used 10862K, committed 11200K, reserved 212992K
}
Event: 37.777 GC heap before
{Heap before GC invocations=193 (full 0):
 garbage-first heap   total 195584K, used 172590K [0x00000000e0000000, 0x0000000100000000)
  region size 1024K, 17 young (17408K), 2 survivors (2048K)
 Metaspace       used 79288K, committed 79936K, reserved 344064K
  class space    used 10862K, committed 11200K, reserved 212992K
}
Event: 37.779 GC heap after
{Heap after GC invocations=194 (full 0):
 garbage-first heap   total 195584K, used 157345K [0x00000000e0000000, 0x0000000100000000)
  region size 1024K, 2 young (2048K), 2 survivors (2048K)
 Metaspace       used 79288K, committed 79936K, reserved 344064K
  class space    used 10862K, committed 11200K, reserved 212992K
}
Event: 37.807 GC heap before
{Heap before GC invocations=194 (full 0):
 garbage-first heap   total 195584K, used 171681K [0x00000000e0000000, 0x0000000100000000)
  region size 1024K, 16 young (16384K), 2 survivors (2048K)
 Metaspace       used 79288K, committed 79936K, reserved 344064K
  class space    used 10862K, committed 11200K, reserved 212992K
}

