# JRE version: OpenJDK Runtime Environment Temurin-17.0.18+8 (17.0.18+8) (build 17.0.18+8)
# Java VM: OpenJDK 64-Bit Server VM Temurin-17.0.18+8 (17.0.18+8, mixed mode, sharing, tiered, compressed oops, compressed class ptrs, g1 gc, windows-amd64)
GC Precious Log:
 CPUs: 4 total, 4 available
 Memory: 15356M
 Large Page Support: Disabled
 NUMA Support: Disabled
 Compressed Oops: Enabled (32-bit)
 Heap Region Size: 1M
 Heap Min Capacity: 8M
 Heap Initial Capacity: 240M
 Heap Max Capacity: 512M
 Pre-touch: Disabled
 Parallel Workers: 4
 Concurrent Workers: 1
 Concurrent Refinement Workers: 4
 Periodic GC: Disabled
Heap:
 garbage-first heap   total 324608K, used 291666K [0x00000000e0000000, 0x0000000100000000)
  region size 1024K, 14 young (14336K), 1 survivors (1024K)
 Metaspace       used 188830K, committed 190080K, reserved 409600K
  class space    used 24331K, committed 24896K, reserved 212992K
GC Heap History (20 events):
Event: 93.749 GC heap before
{Heap before GC invocations=213 (full 0):
 garbage-first heap   total 324608K, used 301150K [0x00000000e0000000, 0x0000000100000000)
  region size 1024K, 15 young (15360K), 1 survivors (1024K)
 Metaspace       used 188845K, committed 190080K, reserved 409600K
  class space    used 24336K, committed 24896K, reserved 212992K
}
Event: 93.750 GC heap after
{Heap after GC invocations=214 (full 0):
 garbage-first heap   total 324608K, used 287484K [0x00000000e0000000, 0x0000000100000000)
  region size 1024K, 2 young (2048K), 2 survivors (2048K)
 Metaspace       used 188845K, committed 190080K, reserved 409600K
  class space    used 24336K, committed 24896K, reserved 212992K
}
Event: 93.814 GC heap before
{Heap before GC invocations=214 (full 0):
 garbage-first heap   total 324608K, used 300796K [0x00000000e0000000, 0x0000000100000000)
  region size 1024K, 15 young (15360K), 2 survivors (2048K)
 Metaspace       used 188845K, committed 190080K, reserved 409600K
  class space    used 24336K, committed 24896K, reserved 212992K
}
Event: 93.816 GC heap after
{Heap after GC invocations=215 (full 0):
 garbage-first heap   total 324608K, used 287825K [0x00000000e0000000, 0x0000000100000000)
  region size 1024K, 2 young (2048K), 2 survivors (2048K)
 Metaspace       used 188845K, committed 190080K, reserved 409600K
  class space    used 24336K, committed 24896K, reserved 212992K
}
Event: 93.918 GC heap before
{Heap before GC invocations=215 (full 0):
 garbage-first heap   total 324608K, used 301137K [0x00000000e0000000, 0x0000000100000000)
  region size 1024K, 15 young (15360K), 2 survivors (2048K)
 Metaspace       used 188845K, committed 190080K, reserved 409600K
  class space    used 24336K, committed 24896K, reserved 212992K
}
Event: 93.919 GC heap after
{Heap after GC invocations=216 (full 0):
 garbage-first heap   total 324608K, used 288130K [0x00000000e0000000, 0x0000000100000000)
  region size 1024K, 2 young (2048K), 2 survivors (2048K)
 Metaspace       used 188845K, committed 190080K, reserved 409600K
  class space    used 24336K, committed 24896K, reserved 212992K
}
Event: 93.971 GC heap before
{Heap before GC invocations=216 (full 0):
 garbage-first heap   total 324608K, used 302466K [0x00000000e0000000, 0x0000000100000000)
  region size 1024K, 15 young (15360K), 2 survivors (2048K)
 Metaspace       used 188845K, committed 190080K, reserved 409600K
  class space    used 24336K, committed 24896K, reserved 212992K
}
Event: 93.973 GC heap after
{Heap after GC invocations=217 (full 0):
 garbage-first heap   total 324608K, used 289489K [0x00000000e0000000, 0x0000000100000000)
  region size 1024K, 2 young (2048K), 2 survivors (2048K)
 Metaspace       used 188845K, committed 190080K, reserved 409600K
  class space    used 24336K, committed 24896K, reserved 212992K
}
Event: 94.004 GC heap before
{Heap before GC invocations=217 (full 0):
 garbage-first heap   total 324608K, used 302801K [0x00000000e0000000, 0x0000000100000000)
  region size 1024K, 15 young (15360K), 2 survivors (2048K)
 Metaspace       used 188845K, committed 190080K, reserved 409600K
  class space    used 24336K, committed 24896K, reserved 212992K
}
Event: 94.006 GC heap after
{Heap after GC invocations=218 (full 0):
 garbage-first heap   total 324608K, used 289882K [0x00000000e0000000, 0x0000000100000000)
  region size 1024K, 2 young (2048K), 2 survivors (2048K)
 Metaspace       used 188845K, committed 190080K, reserved 409600K
  class space    used 24336K, committed 24896K, reserved 212992K
}
Event: 94.048 GC heap before
{Heap before GC invocations=218 (full 0):
 garbage-first heap   total 324608K, used 303194K [0x00000000e0000000, 0x0000000100000000)
  region size 1024K, 15 young (15360K), 2 survivors (2048K)
 Metaspace       used 188845K, committed 190080K, reserved 409600K
  class space    used 24336K, committed 24896K, reserved 212992K
}
Event: 94.050 GC heap after
{Heap after GC invocations=219 (full 0):
 garbage-first heap   total 324608K, used 290223K [0x00000000e0000000, 0x0000000100000000)
  region size 1024K, 2 young (2048K), 2 survivors (2048K)
 Metaspace       used 188845K, committed 190080K, reserved 409600K
  class space    used 24336K, committed 24896K, reserved 212992K
}
Event: 94.084 GC heap before
{Heap before GC invocations=219 (full 0):
 garbage-first heap   total 324608K, used 303535K [0x00000000e0000000, 0x0000000100000000)
  region size 1024K, 15 young (15360K), 2 survivors (2048K)
 Metaspace       used 188845K, committed 190080K, reserved 409600K
  class space    used 24336K, committed 24896K, reserved 212992K
}
Event: 94.085 GC heap after
{Heap after GC invocations=220 (full 0):
 garbage-first heap   total 324608K, used 290678K [0x00000000e0000000, 0x0000000100000000)
  region size 1024K, 2 young (2048K), 2 survivors (2048K)
 Metaspace       used 188845K, committed 190080K, reserved 409600K
  class space    used 24336K, committed 24896K, reserved 212992K
}
Event: 94.126 GC heap before
{Heap before GC invocations=220 (full 0):
 garbage-first heap   total 324608K, used 303990K [0x00000000e0000000, 0x0000000100000000)
  region size 1024K, 15 young (15360K), 2 survivors (2048K)
 Metaspace       used 188845K, committed 190080K, reserved 409600K
  class space    used 24336K, committed 24896K, reserved 212992K
}
Event: 94.127 GC heap after
{Heap after GC invocations=221 (full 0):
 garbage-first heap   total 324608K, used 291104K [0x00000000e0000000, 0x0000000100000000)
  region size 1024K, 2 young (2048K), 2 survivors (2048K)
 Metaspace       used 188845K, committed 190080K, reserved 409600K
  class space    used 24336K, committed 24896K, reserved 212992K
}
Event: 94.163 GC heap before
{Heap before GC invocations=221 (full 0):
 garbage-first heap   total 324608K, used 304416K [0x00000000e0000000, 0x0000000100000000)
  region size 1024K, 15 young (15360K), 2 survivors (2048K)
 Metaspace       used 188845K, committed 190080K, reserved 409600K
  class space    used 24336K, committed 24896K, reserved 212992K
}
Event: 94.165 GC heap after
{Heap after GC invocations=222 (full 0):
 garbage-first heap   total 324608K, used 291407K [0x00000000e0000000, 0x0000000100000000)
  region size 1024K, 2 young (2048K), 2 survivors (2048K)
 Metaspace       used 188845K, committed 190080K, reserved 409600K
  class space    used 24336K, committed 24896K, reserved 212992K
}
Event: 94.202 GC heap before
{Heap before GC invocations=222 (full 0):
 garbage-first heap   total 324608K, used 304719K [0x00000000e0000000, 0x0000000100000000)
  region size 1024K, 15 young (15360K), 2 survivors (2048K)
 Metaspace       used 188845K, committed 190080K, reserved 409600K
  class space    used 24336K, committed 24896K, reserved 212992K
}
Event: 94.204 GC heap after
{Heap after GC invocations=223 (full 0):
 garbage-first heap   total 324608K, used 291666K [0x00000000e0000000, 0x0000000100000000)
  region size 1024K, 1 young (1024K), 1 survivors (1024K)
 Metaspace       used 188845K, committed 190080K, reserved 409600K
  class space    used 24336K, committed 24896K, reserved 212992K
}

